<?xml version="1.0" encoding="UTF-8"?>
<!-- Generated by org.testng.reporters.JUnitXMLReporter -->
<testsuite hostname="AI-LP62" name="Default test" tests="3" failures="3" timestamp="29 Jan 2021 08:41:48 GMT" time="2.22" errors="0">
  <testcase name="addBook" time="1.973" classname="files.DynamicJSON">
    <failure type="org.apache.http.ConnectionClosedException" message="Premature end of chunk coded message body: closing chunk expected">
      <![CDATA[org.apache.http.ConnectionClosedException: Premature end of chunk coded message body: closing chunk expected
	at org.apache.http.impl.io.ChunkedInputStream.getChunkSize(ChunkedInputStream.java:266)
	at org.apache.http.impl.io.ChunkedInputStream.nextChunk(ChunkedInputStream.java:225)
	at org.apache.http.impl.io.ChunkedInputStream.read(ChunkedInputStream.java:184)
	at org.apache.http.conn.EofSensorInputStream.read(EofSensorInputStream.java:135)
	at org.apache.http.conn.EofSensorInputStream$read.call(Unknown Source)
	at org.codehaus.groovy.runtime.callsite.CallSiteArray.defaultCall(CallSiteArray.java:48)
	at org.codehaus.groovy.runtime.callsite.AbstractCallSite.call(AbstractCallSite.java:113)
	at org.codehaus.groovy.runtime.callsite.AbstractCallSite.call(AbstractCallSite.java:141)
	at io.restassured.internal.RestAssuredResponseOptionsGroovyImpl.convertStreamToByteArray(RestAssuredResponseOptionsGroovyImpl.groovy:463)
	at sun.reflect.NativeMethodAccessorImpl.invoke0(Native Method)
	at sun.reflect.NativeMethodAccessorImpl.invoke(Unknown Source)
	at sun.reflect.DelegatingMethodAccessorImpl.invoke(Unknown Source)
	at java.lang.reflect.Method.invoke(Unknown Source)
	at org.codehaus.groovy.reflection.CachedMethod.invoke(CachedMethod.java:93)
	at org.codehaus.groovy.runtime.callsite.StaticMetaMethodSite$StaticMetaMethodSiteNoUnwrapNoCoerce.invoke(StaticMetaMethodSite.java:151)
	at org.codehaus.groovy.runtime.callsite.StaticMetaMethodSite.callStatic(StaticMetaMethodSite.java:102)
	at org.codehaus.groovy.runtime.callsite.CallSiteArray.defaultCallStatic(CallSiteArray.java:56)
	at org.codehaus.groovy.runtime.callsite.AbstractCallSite.callStatic(AbstractCallSite.java:194)
	at org.codehaus.groovy.runtime.callsite.AbstractCallSite.callStatic(AbstractCallSite.java:206)
	at io.restassured.internal.RestAssuredResponseOptionsGroovyImpl.charsetToString(RestAssuredResponseOptionsGroovyImpl.groovy:515)
	at io.restassured.internal.RestAssuredResponseOptionsGroovyImpl$charsetToString$3.callCurrent(Unknown Source)
	at org.codehaus.groovy.runtime.callsite.CallSiteArray.defaultCallCurrent(CallSiteArray.java:52)
	at org.codehaus.groovy.runtime.callsite.AbstractCallSite.callCurrent(AbstractCallSite.java:154)
	at org.codehaus.groovy.runtime.callsite.AbstractCallSite.callCurrent(AbstractCallSite.java:166)
	at io.restassured.internal.RestAssuredResponseOptionsGroovyImpl.asString(RestAssuredResponseOptionsGroovyImpl.groovy:181)
	at io.restassured.internal.RestAssuredResponseOptionsGroovyImpl.asString(RestAssuredResponseOptionsGroovyImpl.groovy:177)
	at io.restassured.internal.RestAssuredResponseOptionsImpl.asString(RestAssuredResponseOptionsImpl.java:204)
	at io.restassured.response.ResponseBodyData$asString.call(Unknown Source)
	at org.codehaus.groovy.runtime.callsite.CallSiteArray.defaultCall(CallSiteArray.java:48)
	at org.codehaus.groovy.runtime.callsite.AbstractCallSite.call(AbstractCallSite.java:113)
	at org.codehaus.groovy.runtime.callsite.AbstractCallSite.call(AbstractCallSite.java:117)
	at io.restassured.internal.support.Prettifier.getPrettifiedBodyIfPossible(Prettifier.groovy:43)
	at io.restassured.internal.print.ResponsePrinter.print(ResponsePrinter.java:62)
	at io.restassured.internal.ValidatableResponseOptionsImpl.logResponse(ValidatableResponseOptionsImpl.java:429)
	at io.restassured.internal.ValidatableResponseOptionsImpl.logResponse(ValidatableResponseOptionsImpl.java:425)
	at io.restassured.internal.ValidatableResponseOptionsImpl.logResponse(ValidatableResponseOptionsImpl.java:421)
	at io.restassured.internal.ValidatableResponseOptionsImpl.all(ValidatableResponseOptionsImpl.java:377)
	at files.DynamicJSON.addBook(DynamicJSON.java:17)
	at sun.reflect.NativeMethodAccessorImpl.invoke0(Native Method)
	at sun.reflect.NativeMethodAccessorImpl.invoke(Unknown Source)
	at sun.reflect.DelegatingMethodAccessorImpl.invoke(Unknown Source)
	at java.lang.reflect.Method.invoke(Unknown Source)
	at org.testng.internal.MethodInvocationHelper.invokeMethod(MethodInvocationHelper.java:86)
	at org.testng.internal.Invoker.invokeMethod(Invoker.java:645)
	at org.testng.internal.Invoker.invokeTestMethod(Invoker.java:822)
	at org.testng.internal.Invoker.invokeTestMethods(Invoker.java:1130)
	at org.testng.internal.TestMethodWorker.invokeTestMethods(TestMethodWorker.java:129)
	at org.testng.internal.TestMethodWorker.run(TestMethodWorker.java:112)
	at org.testng.TestRunner.privateRun(TestRunner.java:782)
	at org.testng.TestRunner.run(TestRunner.java:632)
	at org.testng.SuiteRunner.runTest(SuiteRunner.java:366)
	at org.testng.SuiteRunner.runSequentially(SuiteRunner.java:361)
	at org.testng.SuiteRunner.privateRun(SuiteRunner.java:319)
	at org.testng.SuiteRunner.run(SuiteRunner.java:268)
	at org.testng.SuiteRunnerWorker.runSuite(SuiteRunnerWorker.java:52)
	at org.testng.SuiteRunnerWorker.run(SuiteRunnerWorker.java:86)
	at org.testng.TestNG.runSuitesSequentially(TestNG.java:1244)
	at org.testng.TestNG.runSuitesLocally(TestNG.java:1169)
	at org.testng.TestNG.run(TestNG.java:1064)
	at org.testng.remote.RemoteTestNG.run(RemoteTestNG.java:113)
	at org.testng.remote.RemoteTestNG.initAndRun(RemoteTestNG.java:206)
	at org.testng.remote.RemoteTestNG.main(RemoteTestNG.java:177)
]]>
    </failure>
  </testcase> <!-- addBook -->
  <testcase name="addBook" time="0.132" classname="files.DynamicJSON">
    <failure type="org.apache.http.ConnectionClosedException" message="Premature end of chunk coded message body: closing chunk expected">
      <![CDATA[org.apache.http.ConnectionClosedException: Premature end of chunk coded message body: closing chunk expected
	at org.apache.http.impl.io.ChunkedInputStream.getChunkSize(ChunkedInputStream.java:266)
	at org.apache.http.impl.io.ChunkedInputStream.nextChunk(ChunkedInputStream.java:225)
	at org.apache.http.impl.io.ChunkedInputStream.read(ChunkedInputStream.java:184)
	at org.apache.http.conn.EofSensorInputStream.read(EofSensorInputStream.java:135)
	at org.apache.http.conn.EofSensorInputStream$read.call(Unknown Source)
	at io.restassured.internal.RestAssuredResponseOptionsGroovyImpl.convertStreamToByteArray(RestAssuredResponseOptionsGroovyImpl.groovy:463)
	at sun.reflect.NativeMethodAccessorImpl.invoke0(Native Method)
	at sun.reflect.NativeMethodAccessorImpl.invoke(Unknown Source)
	at sun.reflect.DelegatingMethodAccessorImpl.invoke(Unknown Source)
	at java.lang.reflect.Method.invoke(Unknown Source)
	at org.codehaus.groovy.reflection.CachedMethod.invoke(CachedMethod.java:93)
	at org.codehaus.groovy.runtime.callsite.StaticMetaMethodSite$StaticMetaMethodSiteNoUnwrapNoCoerce.invoke(StaticMetaMethodSite.java:151)
	at org.codehaus.groovy.runtime.callsite.StaticMetaMethodSite.callStatic(StaticMetaMethodSite.java:102)
	at org.codehaus.groovy.runtime.callsite.AbstractCallSite.callStatic(AbstractCallSite.java:206)
	at io.restassured.internal.RestAssuredResponseOptionsGroovyImpl.charsetToString(RestAssuredResponseOptionsGroovyImpl.groovy:515)
	at io.restassured.internal.RestAssuredResponseOptionsGroovyImpl$charsetToString$3.callCurrent(Unknown Source)
	at io.restassured.internal.RestAssuredResponseOptionsGroovyImpl.asString(RestAssuredResponseOptionsGroovyImpl.groovy:181)
	at io.restassured.internal.RestAssuredResponseOptionsGroovyImpl.asString(RestAssuredResponseOptionsGroovyImpl.groovy:177)
	at io.restassured.internal.RestAssuredResponseOptionsImpl.asString(RestAssuredResponseOptionsImpl.java:204)
	at io.restassured.response.ResponseBodyData$asString.call(Unknown Source)
	at io.restassured.internal.support.Prettifier.getPrettifiedBodyIfPossible(Prettifier.groovy:43)
	at io.restassured.internal.print.ResponsePrinter.print(ResponsePrinter.java:62)
	at io.restassured.internal.ValidatableResponseOptionsImpl.logResponse(ValidatableResponseOptionsImpl.java:429)
	at io.restassured.internal.ValidatableResponseOptionsImpl.logResponse(ValidatableResponseOptionsImpl.java:425)
	at io.restassured.internal.ValidatableResponseOptionsImpl.logResponse(ValidatableResponseOptionsImpl.java:421)
	at io.restassured.internal.ValidatableResponseOptionsImpl.all(ValidatableResponseOptionsImpl.java:377)
	at files.DynamicJSON.addBook(DynamicJSON.java:17)
	at sun.reflect.NativeMethodAccessorImpl.invoke0(Native Method)
	at sun.reflect.NativeMethodAccessorImpl.invoke(Unknown Source)
	at sun.reflect.DelegatingMethodAccessorImpl.invoke(Unknown Source)
	at java.lang.reflect.Method.invoke(Unknown Source)
	at org.testng.internal.MethodInvocationHelper.invokeMethod(MethodInvocationHelper.java:86)
	at org.testng.internal.Invoker.invokeMethod(Invoker.java:645)
	at org.testng.internal.Invoker.invokeTestMethod(Invoker.java:822)
	at org.testng.internal.Invoker.invokeTestMethods(Invoker.java:1130)
	at org.testng.internal.TestMethodWorker.invokeTestMethods(TestMethodWorker.java:129)
	at org.testng.internal.TestMethodWorker.run(TestMethodWorker.java:112)
	at org.testng.TestRunner.privateRun(TestRunner.java:782)
	at org.testng.TestRunner.run(TestRunner.java:632)
	at org.testng.SuiteRunner.runTest(SuiteRunner.java:366)
	at org.testng.SuiteRunner.runSequentially(SuiteRunner.java:361)
	at org.testng.SuiteRunner.privateRun(SuiteRunner.java:319)
	at org.testng.SuiteRunner.run(SuiteRunner.java:268)
	at org.testng.SuiteRunnerWorker.runSuite(SuiteRunnerWorker.java:52)
	at org.testng.SuiteRunnerWorker.run(SuiteRunnerWorker.java:86)
	at org.testng.TestNG.runSuitesSequentially(TestNG.java:1244)
	at org.testng.TestNG.runSuitesLocally(TestNG.java:1169)
	at org.testng.TestNG.run(TestNG.java:1064)
	at org.testng.remote.RemoteTestNG.run(RemoteTestNG.java:113)
	at org.testng.remote.RemoteTestNG.initAndRun(RemoteTestNG.java:206)
	at org.testng.remote.RemoteTestNG.main(RemoteTestNG.java:177)
]]>
    </failure>
  </testcase> <!-- addBook -->
  <testcase name="addBook" time="0.115" classname="files.DynamicJSON">
    <failure type="org.apache.http.ConnectionClosedException" message="Premature end of chunk coded message body: closing chunk expected">
      <![CDATA[org.apache.http.ConnectionClosedException: Premature end of chunk coded message body: closing chunk expected
	at org.apache.http.impl.io.ChunkedInputStream.getChunkSize(ChunkedInputStream.java:266)
	at org.apache.http.impl.io.ChunkedInputStream.nextChunk(ChunkedInputStream.java:225)
	at org.apache.http.impl.io.ChunkedInputStream.read(ChunkedInputStream.java:184)
	at org.apache.http.conn.EofSensorInputStream.read(EofSensorInputStream.java:135)
	at org.apache.http.conn.EofSensorInputStream$read.call(Unknown Source)
	at io.restassured.internal.RestAssuredResponseOptionsGroovyImpl.convertStreamToByteArray(RestAssuredResponseOptionsGroovyImpl.groovy:463)
	at sun.reflect.NativeMethodAccessorImpl.invoke0(Native Method)
	at sun.reflect.NativeMethodAccessorImpl.invoke(Unknown Source)
	at sun.reflect.DelegatingMethodAccessorImpl.invoke(Unknown Source)
	at java.lang.reflect.Method.invoke(Unknown Source)
	at org.codehaus.groovy.reflection.CachedMethod.invoke(CachedMethod.java:93)
	at org.codehaus.groovy.runtime.callsite.StaticMetaMethodSite$StaticMetaMethodSiteNoUnwrapNoCoerce.invoke(StaticMetaMethodSite.java:151)
	at org.codehaus.groovy.runtime.callsite.StaticMetaMethodSite.callStatic(StaticMetaMethodSite.java:102)
	at org.codehaus.groovy.runtime.callsite.AbstractCallSite.callStatic(AbstractCallSite.java:206)
	at io.restassured.internal.RestAssuredResponseOptionsGroovyImpl.charsetToString(RestAssuredResponseOptionsGroovyImpl.groovy:515)
	at io.restassured.internal.RestAssuredResponseOptionsGroovyImpl$charsetToString$3.callCurrent(Unknown Source)
	at io.restassured.internal.RestAssuredResponseOptionsGroovyImpl.asString(RestAssuredResponseOptionsGroovyImpl.groovy:181)
	at io.restassured.internal.RestAssuredResponseOptionsGroovyImpl.asString(RestAssuredResponseOptionsGroovyImpl.groovy:177)
	at io.restassured.internal.RestAssuredResponseOptionsImpl.asString(RestAssuredResponseOptionsImpl.java:204)
	at io.restassured.response.ResponseBodyData$asString.call(Unknown Source)
	at io.restassured.internal.support.Prettifier.getPrettifiedBodyIfPossible(Prettifier.groovy:43)
	at io.restassured.internal.print.ResponsePrinter.print(ResponsePrinter.java:62)
	at io.restassured.internal.ValidatableResponseOptionsImpl.logResponse(ValidatableResponseOptionsImpl.java:429)
	at io.restassured.internal.ValidatableResponseOptionsImpl.logResponse(ValidatableResponseOptionsImpl.java:425)
	at io.restassured.internal.ValidatableResponseOptionsImpl.logResponse(ValidatableResponseOptionsImpl.java:421)
	at io.restassured.internal.ValidatableResponseOptionsImpl.all(ValidatableResponseOptionsImpl.java:377)
	at files.DynamicJSON.addBook(DynamicJSON.java:17)
	at sun.reflect.NativeMethodAccessorImpl.invoke0(Native Method)
	at sun.reflect.NativeMethodAccessorImpl.invoke(Unknown Source)
	at sun.reflect.DelegatingMethodAccessorImpl.invoke(Unknown Source)
	at java.lang.reflect.Method.invoke(Unknown Source)
	at org.testng.internal.MethodInvocationHelper.invokeMethod(MethodInvocationHelper.java:86)
	at org.testng.internal.Invoker.invokeMethod(Invoker.java:645)
	at org.testng.internal.Invoker.invokeTestMethod(Invoker.java:822)
	at org.testng.internal.Invoker.invokeTestMethods(Invoker.java:1130)
	at org.testng.internal.TestMethodWorker.invokeTestMethods(TestMethodWorker.java:129)
	at org.testng.internal.TestMethodWorker.run(TestMethodWorker.java:112)
	at org.testng.TestRunner.privateRun(TestRunner.java:782)
	at org.testng.TestRunner.run(TestRunner.java:632)
	at org.testng.SuiteRunner.runTest(SuiteRunner.java:366)
	at org.testng.SuiteRunner.runSequentially(SuiteRunner.java:361)
	at org.testng.SuiteRunner.privateRun(SuiteRunner.java:319)
	at org.testng.SuiteRunner.run(SuiteRunner.java:268)
	at org.testng.SuiteRunnerWorker.runSuite(SuiteRunnerWorker.java:52)
	at org.testng.SuiteRunnerWorker.run(SuiteRunnerWorker.java:86)
	at org.testng.TestNG.runSuitesSequentially(TestNG.java:1244)
	at org.testng.TestNG.runSuitesLocally(TestNG.java:1169)
	at org.testng.TestNG.run(TestNG.java:1064)
	at org.testng.remote.RemoteTestNG.run(RemoteTestNG.java:113)
	at org.testng.remote.RemoteTestNG.initAndRun(RemoteTestNG.java:206)
	at org.testng.remote.RemoteTestNG.main(RemoteTestNG.java:177)
]]>
    </failure>
  </testcase> <!-- addBook -->
</testsuite> <!-- Default test -->
